[38;5;37m[2020-03-21.19:58:25.472841 ][0m [32m INFO[0m Initializing starters...
[38;5;37m[2020-03-21.19:58:25.473346 ][0m [34mDEBUG[0m Initializing: type=%s*base.PropsStarter
[38;5;37m[2020-03-21.19:58:25.473372 ][0m [32m INFO[0m 初始化配置
[38;5;37m[2020-03-21.19:58:25.473407 ][0m [34mDEBUG[0m Initializing: type=%s*base.DbxDatabaseStarter
[38;5;37m[2020-03-21.19:58:25.473425 ][0m [34mDEBUG[0m Initializing: type=%s*base.ValidatorStarter
[38;5;37m[2020-03-21.19:58:25.473574 ][0m [32m INFO[0m Setup starters...
[38;5;37m[2020-03-21.19:58:25.473647 ][0m [32m INFO[0m {DriverName:mysql User:po Password:111111 Database:po Host:localhost:3306 Options:map[charset:utf8 loc:Local parseTime:true] ConnMaxLifetime:0s MaxOpenConns:3 MaxIdleConns:1 LoggingEnabled:false}
[38;5;37m[2020-03-21.19:58:25.473674 ][0m [32m INFO[0m mysql.conn url: po:***@tcp(localhost:3306)/po?charset=utf8&loc=Local&parseTime=true&
[38;5;37m[2020-03-21.19:58:25.486416 ][0m [32m INFO[0m <nil>
[38;5;37m[2020-03-21.19:58:25.486470 ][0m [32m INFO[0m Starting starters...
[38;5;37m[2020-03-21.20:00:50.072437 ][0m [32m INFO[0m Initializing starters...
[38;5;37m[2020-03-21.20:00:50.073219 ][0m [34mDEBUG[0m Initializing: type=%s*base.PropsStarter
[38;5;37m[2020-03-21.20:00:50.073250 ][0m [32m INFO[0m 初始化配置
[38;5;37m[2020-03-21.20:00:50.073286 ][0m [34mDEBUG[0m Initializing: type=%s*base.DbxDatabaseStarter
[38;5;37m[2020-03-21.20:00:50.073304 ][0m [34mDEBUG[0m Initializing: type=%s*base.ValidatorStarter
[38;5;37m[2020-03-21.20:00:50.073451 ][0m [32m INFO[0m Setup starters...
[38;5;37m[2020-03-21.20:00:50.073519 ][0m [32m INFO[0m {DriverName:mysql User:po Password:111111 Database:po Host:localhost:3306 Options:map[charset:utf8 loc:Local parseTime:true] ConnMaxLifetime:0s MaxOpenConns:3 MaxIdleConns:1 LoggingEnabled:false}
[38;5;37m[2020-03-21.20:00:50.073546 ][0m [32m INFO[0m mysql.conn url: po:***@tcp(localhost:3306)/po?charset=utf8&loc=Local&parseTime=true&
[38;5;37m[2020-03-21.20:00:50.083454 ][0m [32m INFO[0m <nil>
[38;5;37m[2020-03-21.20:00:50.083517 ][0m [32m INFO[0m Starting starters...
[38;5;37m[2020-03-21.20:01:47.360491 ][0m [32m INFO[0m Initializing starters...
[38;5;37m[2020-03-21.20:01:47.361010 ][0m [34mDEBUG[0m Initializing: type=%s*base.PropsStarter
[38;5;37m[2020-03-21.20:01:47.361050 ][0m [32m INFO[0m 初始化配置
[38;5;37m[2020-03-21.20:01:47.361101 ][0m [34mDEBUG[0m Initializing: type=%s*base.DbxDatabaseStarter
[38;5;37m[2020-03-21.20:01:47.361123 ][0m [34mDEBUG[0m Initializing: type=%s*base.ValidatorStarter
[38;5;37m[2020-03-21.20:01:47.361285 ][0m [32m INFO[0m Setup starters...
[38;5;37m[2020-03-21.20:01:47.361362 ][0m [32m INFO[0m {DriverName:mysql User:po Password:111111 Database:po Host:localhost:3306 Options:map[charset:utf8 loc:Local parseTime:true] ConnMaxLifetime:0s MaxOpenConns:3 MaxIdleConns:1 LoggingEnabled:false}
[38;5;37m[2020-03-21.20:01:47.361391 ][0m [32m INFO[0m mysql.conn url: po:***@tcp(localhost:3306)/po?loc=Local&charset=utf8&parseTime=true&
[38;5;37m[2020-03-21.20:01:47.371784 ][0m [32m INFO[0m <nil>
[38;5;37m[2020-03-21.20:01:47.371847 ][0m [32m INFO[0m Starting starters...
[38;5;37m[2020-03-21.20:09:12.772434 ][0m [32m INFO[0m Initializing starters...
[38;5;37m[2020-03-21.20:09:12.773008 ][0m [34mDEBUG[0m Initializing: type=%s*base.PropsStarter
[38;5;37m[2020-03-21.20:09:12.773038 ][0m [32m INFO[0m 初始化配置
[38;5;37m[2020-03-21.20:09:12.773077 ][0m [34mDEBUG[0m Initializing: type=%s*base.DbxDatabaseStarter
[38;5;37m[2020-03-21.20:09:12.773097 ][0m [34mDEBUG[0m Initializing: type=%s*base.ValidatorStarter
[38;5;37m[2020-03-21.20:09:12.773255 ][0m [32m INFO[0m Setup starters...
[38;5;37m[2020-03-21.20:09:12.773335 ][0m [32m INFO[0m {DriverName:mysql User:po Password:111111 Database:po Host:localhost:3306 Options:map[charset:utf8 loc:Local parseTime:true] ConnMaxLifetime:0s MaxOpenConns:3 MaxIdleConns:1 LoggingEnabled:false}
[38;5;37m[2020-03-21.20:09:12.773364 ][0m [32m INFO[0m mysql.conn url: po:***@tcp(localhost:3306)/po?charset=utf8&parseTime=true&loc=Local&
[38;5;37m[2020-03-21.20:09:12.783699 ][0m [32m INFO[0m <nil>
[38;5;37m[2020-03-21.20:09:12.783754 ][0m [32m INFO[0m Starting starters...
