[38;5;37m[2020-03-21.20:29:12.419397 ][0m [32m INFO[0m Initializing starters...
[38;5;37m[2020-03-21.20:29:12.420008 ][0m [34mDEBUG[0m Initializing: type=%s*base.PropsStarter
[38;5;37m[2020-03-21.20:29:12.420035 ][0m [32m INFO[0m 初始化配置
[38;5;37m[2020-03-21.20:29:12.420072 ][0m [34mDEBUG[0m Initializing: type=%s*base.DbxDatabaseStarter
[38;5;37m[2020-03-21.20:29:12.420091 ][0m [34mDEBUG[0m Initializing: type=%s*base.ValidatorStarter
[38;5;37m[2020-03-21.20:29:12.420241 ][0m [34mDEBUG[0m Initializing: type=%s*infra.WebApiStarter
[38;5;37m[2020-03-21.20:29:12.420276 ][0m [34mDEBUG[0m Initializing: type=%s*base.IrisServerStarter
[38;5;37m[2020-03-21.20:29:12.420315 ][0m [32m INFO[0m Setup starters...
[38;5;37m[2020-03-21.20:29:12.420388 ][0m [32m INFO[0m {DriverName:mysql User:po Password:111111 Database:po Host:localhost:3306 Options:map[charset:utf8 loc:Local parseTime:true] ConnMaxLifetime:0s MaxOpenConns:3 MaxIdleConns:1 LoggingEnabled:false}
[38;5;37m[2020-03-21.20:29:12.420415 ][0m [32m INFO[0m mysql.conn url: po:***@tcp(localhost:3306)/po?parseTime=true&loc=Local&charset=utf8&
[38;5;37m[2020-03-21.20:29:12.433164 ][0m [32m INFO[0m <nil>
[38;5;37m[2020-03-21.20:29:12.433373 ][0m [32m INFO[0m Starting starters...
[38;5;37m[2020-03-21.20:29:12.433408 ][0m [32m INFO[0m[36m ./apis/web/account.go:26:[0m POST: /v1/account/create -> github.com/ybinhome/envelope/apis/web.createHandler() and 2 more
[38;5;37m[2020-03-21.20:29:12.433435 ][0m [32m INFO[0m[36m ./apis/web/account.go:28:[0m POST: /v1/account/transfer -> github.com/ybinhome/envelope/apis/web.transferHandler() and 2 more
[38;5;37m[2020-03-21.20:29:12.433457 ][0m [32m INFO[0m[36m ./apis/web/envelop.go:21:[0m POST: /v1/envelope/sendout -> github.com/ybinhome/envelope/apis/web.(*EnvelopeApi).sendOutHandler-fm() and 2 more
[38;5;37m[2020-03-21.20:30:17.181586 ][0m [32m INFO[0m | 2020-03-21.20:30:17.181569 | 17.46256ms | 200 | ::1 | POST | /v1/envelope/sendout | %!s(<nil>) | %!s(<nil>) |
[38;5;37m[2020-03-21.20:33:46.677299 ][0m [32m INFO[0m | 2020-03-21.20:33:46.677286 | 11.264619ms | 200 | ::1 | POST | /v1/envelope/sendout | %!s(<nil>) | %!s(<nil>) |
[38;5;37m[2020-03-21.20:35:26.591459 ][0m [32m INFO[0m | 2020-03-21.20:35:26.591434 | 13.099418ms | 200 | ::1 | POST | /v1/envelope/sendout | %!s(<nil>) | %!s(<nil>) |
[38;5;37m[2020-03-21.22:02:11.785084 ][0m [31mERROR[0m http: Server closed
[38;5;37m[2020-03-21.22:17:18.363964 ][0m [32m INFO[0m Initializing starters...
[38;5;37m[2020-03-21.22:17:18.365792 ][0m [34mDEBUG[0m Initializing: type=%s*base.PropsStarter
[38;5;37m[2020-03-21.22:17:18.365831 ][0m [32m INFO[0m 初始化配置
[38;5;37m[2020-03-21.22:17:18.365873 ][0m [34mDEBUG[0m Initializing: type=%s*base.DbxDatabaseStarter
[38;5;37m[2020-03-21.22:17:18.365893 ][0m [34mDEBUG[0m Initializing: type=%s*base.ValidatorStarter
[38;5;37m[2020-03-21.22:17:18.366056 ][0m [34mDEBUG[0m Initializing: type=%s*base.GoRPCStarter
[38;5;37m[2020-03-21.22:17:18.366078 ][0m [34mDEBUG[0m Initializing: type=%s*infra.WebApiStarter
[38;5;37m[2020-03-21.22:17:18.366096 ][0m [34mDEBUG[0m Initializing: type=%s*base.IrisServerStarter
[38;5;37m[2020-03-21.22:17:18.366134 ][0m [32m INFO[0m Setup starters...
[38;5;37m[2020-03-21.22:17:18.366210 ][0m [32m INFO[0m {DriverName:mysql User:po Password:111111 Database:po Host:localhost:3306 Options:map[charset:utf8 loc:Local parseTime:true] ConnMaxLifetime:0s MaxOpenConns:3 MaxIdleConns:1 LoggingEnabled:false}
[38;5;37m[2020-03-21.22:17:18.366236 ][0m [32m INFO[0m mysql.conn url: po:***@tcp(localhost:3306)/po?charset=utf8&parseTime=true&loc=Local&
[38;5;37m[2020-03-21.22:17:18.378048 ][0m [32m INFO[0m <nil>
[38;5;37m[2020-03-21.22:17:18.378220 ][0m [32m INFO[0m Starting starters...
[38;5;37m[2020-03-21.22:17:18.378317 ][0m [32m INFO[0m tcp port listened for rpc:8082
[38;5;37m[2020-03-21.22:17:18.378354 ][0m [32m INFO[0m[36m ./apis/web/account.go:26:[0m POST: /v1/account/create -> github.com/ybinhome/envelope/apis/web.createHandler() and 2 more
[38;5;37m[2020-03-21.22:17:18.378405 ][0m [32m INFO[0m[36m ./apis/web/account.go:28:[0m POST: /v1/account/transfer -> github.com/ybinhome/envelope/apis/web.transferHandler() and 2 more
[38;5;37m[2020-03-21.22:17:18.378427 ][0m [32m INFO[0m[36m ./apis/web/envelop.go:21:[0m POST: /v1/envelope/sendout -> github.com/ybinhome/envelope/apis/web.(*EnvelopeApi).sendOutHandler-fm() and 2 more
[38;5;37m[2020-03-21.22:18:19.713969 ][0m [31mERROR[0m http: Server closed
[38;5;37m[2020-03-21.22:18:22.034056 ][0m [32m INFO[0m Initializing starters...
[38;5;37m[2020-03-21.22:18:22.034552 ][0m [34mDEBUG[0m Initializing: type=%s*base.PropsStarter
[38;5;37m[2020-03-21.22:18:22.034578 ][0m [32m INFO[0m 初始化配置
[38;5;37m[2020-03-21.22:18:22.034613 ][0m [34mDEBUG[0m Initializing: type=%s*base.DbxDatabaseStarter
[38;5;37m[2020-03-21.22:18:22.034632 ][0m [34mDEBUG[0m Initializing: type=%s*base.ValidatorStarter
[38;5;37m[2020-03-21.22:18:22.034783 ][0m [34mDEBUG[0m Initializing: type=%s*base.GoRPCStarter
[38;5;37m[2020-03-21.22:18:22.034863 ][0m [34mDEBUG[0m Initializing: type=%s*infra.WebApiStarter
[38;5;37m[2020-03-21.22:18:22.034913 ][0m [34mDEBUG[0m Initializing: type=%s*base.IrisServerStarter
[38;5;37m[2020-03-21.22:18:22.034973 ][0m [32m INFO[0m Setup starters...
[38;5;37m[2020-03-21.22:18:22.035059 ][0m [32m INFO[0m {DriverName:mysql User:po Password:111111 Database:po Host:localhost:3306 Options:map[charset:utf8 loc:Local parseTime:true] ConnMaxLifetime:0s MaxOpenConns:3 MaxIdleConns:1 LoggingEnabled:false}
[38;5;37m[2020-03-21.22:18:22.035115 ][0m [32m INFO[0m mysql.conn url: po:***@tcp(localhost:3306)/po?parseTime=true&loc=Local&charset=utf8&
[38;5;37m[2020-03-21.22:18:22.044542 ][0m [32m INFO[0m <nil>
[38;5;37m[2020-03-21.22:18:22.044729 ][0m [32m INFO[0m Starting starters...
[38;5;37m[2020-03-21.22:18:22.044825 ][0m [32m INFO[0m tcp port listened for rpc:8082
[38;5;37m[2020-03-21.22:18:22.044861 ][0m [32m INFO[0m[36m ./apis/web/account.go:26:[0m POST: /v1/account/create -> github.com/ybinhome/envelope/apis/web.createHandler() and 2 more
[38;5;37m[2020-03-21.22:18:22.044892 ][0m [32m INFO[0m[36m ./apis/web/account.go:28:[0m POST: /v1/account/transfer -> github.com/ybinhome/envelope/apis/web.transferHandler() and 2 more
[38;5;37m[2020-03-21.22:18:22.044916 ][0m [32m INFO[0m[36m ./apis/web/envelop.go:21:[0m POST: /v1/envelope/sendout -> github.com/ybinhome/envelope/apis/web.(*EnvelopeApi).sendOutHandler-fm() and 2 more
[38;5;37m[2020-03-21.22:43:49.829177 ][0m [31mERROR[0m http: Server closed
[38;5;37m[2020-03-21.22:43:53.360897 ][0m [32m INFO[0m Initializing starters...
[38;5;37m[2020-03-21.22:43:53.361455 ][0m [34mDEBUG[0m Initializing: type=%s*base.PropsStarter
[38;5;37m[2020-03-21.22:43:53.361492 ][0m [32m INFO[0m 初始化配置
[38;5;37m[2020-03-21.22:43:53.361531 ][0m [34mDEBUG[0m Initializing: type=%s*base.DbxDatabaseStarter
[38;5;37m[2020-03-21.22:43:53.361553 ][0m [34mDEBUG[0m Initializing: type=%s*base.ValidatorStarter
[38;5;37m[2020-03-21.22:43:53.361716 ][0m [34mDEBUG[0m Initializing: type=%s*base.GoRPCStarter
[38;5;37m[2020-03-21.22:43:53.361741 ][0m [34mDEBUG[0m Initializing: type=%s*gorpc.GoRpcApiStarter
[38;5;37m[2020-03-21.22:43:53.361760 ][0m [32m INFO[0m goRPC Register: *gorpc.EnvelopeRpc
[38;5;37m[2020-03-21.22:43:53.361795 ][0m [34mDEBUG[0m Initializing: type=%s*infra.WebApiStarter
[38;5;37m[2020-03-21.22:43:53.361816 ][0m [34mDEBUG[0m Initializing: type=%s*base.IrisServerStarter
[38;5;37m[2020-03-21.22:43:53.361884 ][0m [32m INFO[0m Setup starters...
[38;5;37m[2020-03-21.22:43:53.362006 ][0m [32m INFO[0m {DriverName:mysql User:po Password:111111 Database:po Host:localhost:3306 Options:map[charset:utf8 loc:Local parseTime:true] ConnMaxLifetime:0s MaxOpenConns:3 MaxIdleConns:1 LoggingEnabled:false}
[38;5;37m[2020-03-21.22:43:53.362044 ][0m [32m INFO[0m mysql.conn url: po:***@tcp(localhost:3306)/po?charset=utf8&loc=Local&parseTime=true&
[38;5;37m[2020-03-21.22:43:53.374661 ][0m [32m INFO[0m <nil>
[38;5;37m[2020-03-21.22:43:53.374848 ][0m [32m INFO[0m Starting starters...
[38;5;37m[2020-03-21.22:43:53.374944 ][0m [32m INFO[0m tcp port listened for rpc:8082
[38;5;37m[2020-03-21.22:43:53.374983 ][0m [32m INFO[0m[36m ./apis/web/account.go:26:[0m POST: /v1/account/create -> github.com/ybinhome/envelope/apis/web.createHandler() and 2 more
[38;5;37m[2020-03-21.22:43:53.375008 ][0m [32m INFO[0m[36m ./apis/web/account.go:28:[0m POST: /v1/account/transfer -> github.com/ybinhome/envelope/apis/web.transferHandler() and 2 more
[38;5;37m[2020-03-21.22:43:53.375030 ][0m [32m INFO[0m[36m ./apis/web/envelop.go:21:[0m POST: /v1/envelope/sendout -> github.com/ybinhome/envelope/apis/web.(*EnvelopeApi).sendOutHandler-fm() and 2 more
[38;5;37m[2020-03-21.22:57:05.139517 ][0m [32m INFO[0m &{RedEnvelopeGoodsDTO:{EnvelopeNo:1ZRWwZRFHksMehRjJNwLley5KJj EnvelopeType:1 Username:测试用户 UserId:1ZRCWgqSX9ktLiFIb3iT9sc8VTG Blessing:恭喜发财，鸿富猪到！ Amount:2 AmountOne:1 Quantity:2 RemainAmount:2 RemainQuantity:0 ExpiredAt:2020-03-22 22:57:05.135398 +0800 CST Status:1 OrderType:0 PayStatus:0 CreatedAt:0001-01-01 00:00:00 +0000 UTC UpdatedAt:0001-01-01 00:00:00 +0000 UTC AccountNo: OriginEnvelopeNo:} Link:http:/localhost/v1/envelope/link/1ZRWwZRFHksMehRjJNwLley5KJj}
